{"/Users/pauldowning/Projects/ReduxSimpleStarter/src/index.js": {"path":"/Users/pauldowning/Projects/ReduxSimpleStarter/src/index.js","statementMap":{"0":{"start":{"line":1,"column":0},"end":{"line":null,"column":-1}},"1":{"start":{"line":2,"column":0},"end":{"line":null,"column":-1}},"2":{"start":{"line":3,"column":0},"end":{"line":null,"column":-1}},"3":{"start":{"line":4,"column":0},"end":{"line":null,"column":-1}},"4":{"start":{"line":6,"column":0},"end":{"line":null,"column":-1}},"5":{"start":{"line":7,"column":0},"end":{"line":null,"column":-1}},"6":{"start":{"line":9,"column":34},"end":{"line":9,"column":0}},"7":{"start":{"line":11,"column":0},"end":{"line":null,"column":-1}}},"fnMap":{},"branchMap":{},"s":{"0":0,"1":0,"2":0,"3":0,"4":0,"5":0,"6":0,"7":0},"f":{},"b":{}}
,"/Users/pauldowning/Projects/ReduxSimpleStarter/src/components/app.js": {"path":"/Users/pauldowning/Projects/ReduxSimpleStarter/src/components/app.js","statementMap":{"0":{"start":{"line":5,"column":4},"end":{"line":7,"column":6}}},"fnMap":{"0":{"name":"(anonymous_0)","decl":{"start":{"line":4,"column":2},"end":{"line":4,"column":3}},"loc":{"start":{"line":4,"column":11},"end":{"line":8,"column":3}},"line":4}},"branchMap":{},"s":{"0":1},"f":{"0":1},"b":{},"_coverageSchema":"332fd63041d2c1bcb487cc26dd0d5f7d97098a6c","hash":"daa720b91d3f8538af438c40e5cef3f385e73b63"}
,"/Users/pauldowning/Projects/ReduxSimpleStarter/src/reducers/index.js": {"path":"/Users/pauldowning/Projects/ReduxSimpleStarter/src/reducers/index.js","statementMap":{"0":{"start":{"line":1,"column":0},"end":{"line":null,"column":-1}},"1":{"start":{"line":3,"column":20},"end":{"line":3,"column":0}},"2":{"start":{"line":4,"column":9},"end":{"line":4,"column":8}},"3":{"start":{"line":4,"column":9},"end":{"line":null,"column":-1}}},"fnMap":{"0":{"name":"state","decl":{"start":{"line":4,"column":9},"end":{"line":null,"column":-1}},"loc":{"start":{"line":4,"column":9},"end":{"line":null,"column":-1}}}},"branchMap":{"0":{"loc":{"start":{"line":4,"column":9},"end":{"line":4,"column":17}},"type":"cond-expr","locations":[{"start":{"line":4,"column":9},"end":{"line":4,"column":17}},{"start":{"line":4,"column":18},"end":{"line":4,"column":9}}]},"1":{"loc":{"start":{"line":4,"column":9},"end":{"line":4,"column":17}},"type":"binary-expr","locations":[{"start":{"line":4,"column":9},"end":{"line":4,"column":17}},{"start":{"line":4,"column":9},"end":{"line":4,"column":17}}]}},"s":{"0":0,"1":0,"2":0,"3":0},"f":{"0":0},"b":{"0":[0,0],"1":[0,0]}}
}
